2026-06-23 16:08:35 Loaded main app package /usr/lib/obsidian/obsidian.asar
2026-06-23 16:08:35 Checking for update using Github
2026-06-23 16:08:36 Success.
2026-06-23 16:08:36 Latest version is 1.12.7
2026-06-23 16:08:36 App is up to date.
2026-06-23 16:50:37 Loaded main app package /usr/lib/obsidian/obsidian.asar
2026-06-23 16:50:37 Checking for update using Github
2026-06-23 16:50:38 Success.
2026-06-23 16:50:38 Latest version is 1.12.7
2026-06-23 16:50:38 App is up to date.
2026-06-25 09:25:11 Loaded main app package /usr/lib/obsidian/obsidian.asar
2026-06-25 09:25:11 Checking for update using Github
2026-06-25 09:25:12 Success.
2026-06-25 09:25:12 Latest version is 1.12.7
2026-06-25 09:25:12 App is up to date.
2026-06-25 14:16:13 Loaded main app package /usr/lib/obsidian/obsidian.asar
2026-06-25 14:16:13 Checking for update using Github
2026-06-25 14:16:14 Success.
2026-06-25 14:16:14 Latest version is 1.12.7
2026-06-25 14:16:14 App is up to date.
2026-06-26 17:22:18 Loaded main app package /usr/lib/obsidian/obsidian.asar
2026-06-26 17:22:19 Checking for update using Github
2026-06-26 17:22:20 Success.
2026-06-26 17:22:20 Latest version is 1.12.7
2026-06-26 17:22:20 App is up to date.
2026-06-26 17:24:36 Loaded main app package /usr/lib/obsidian/obsidian.asar
2026-06-26 17:24:36 Checking for update using Github
2026-06-26 17:24:37 Success.
2026-06-26 17:24:37 Latest version is 1.12.7
2026-06-26 17:24:37 App is up to date.
2026-06-27 00:30:21 Loaded main app package /usr/lib/obsidian/obsidian.asar
2026-06-27 00:30:21 Checking for update using Github
2026-06-27 00:30:22 Success.
2026-06-27 00:30:22 Latest version is 1.12.7
2026-06-27 00:30:22 App is up to date.
2026-06-27 00:36:12 Loaded main app package /usr/lib/obsidian/obsidian.asar
2026-06-27 00:36:13 Checking for update using Github
2026-06-27 00:36:13 Success.
2026-06-27 00:36:13 Latest version is 1.12.7
2026-06-27 00:36:13 App is up to date.
2026-06-27 00:51:49 Loaded main app package /usr/lib/obsidian/obsidian.asar
2026-06-27 00:51:50 Checking for update using Github
2026-06-27 00:51:50 Success.
2026-06-27 00:51:50 Latest version is 1.12.7
2026-06-27 00:51:50 App is up to date.
2026-06-27 00:56:46 Loaded main app package /usr/lib/obsidian/obsidian.asar
2026-06-27 00:56:46 Checking for update using Github
2026-06-27 00:56:46 Success.
2026-06-27 00:56:46 Latest version is 1.12.7
2026-06-27 00:56:46 App is up to date.
2026-06-27 17:09:45 Loaded main app package /usr/lib/obsidian/obsidian.asar
2026-06-27 17:09:45 Checking for update using Github
2026-06-27 17:09:46 Success.
2026-06-27 17:09:46 Latest version is 1.12.7
2026-06-27 17:09:46 App is up to date.
2026-06-28 01:37:45 Loaded main app package /usr/lib/obsidian/obsidian.asar
2026-06-28 01:37:46 Checking for update using Github
2026-06-28 01:37:46 Success.
2026-06-28 01:37:46 Latest version is 1.12.7
2026-06-28 01:37:46 App is up to date.
2026-06-28 03:11:25 Checking for update using Github
2026-06-28 03:11:25 Success.
2026-06-28 03:11:25 Latest version is 1.12.7
2026-06-28 03:11:25 App is up to date.
2026-06-28 04:22:51 Checking for update using Github
2026-06-28 04:22:51 Success.
2026-06-28 04:22:51 Latest version is 1.12.7
2026-06-28 04:22:51 App is up to date.
2026-06-28 05:22:51 Checking for update using Github
2026-06-28 05:22:51 Success.
2026-06-28 05:22:51 Latest version is 1.12.7
2026-06-28 05:22:51 App is up to date.
2026-06-28 18:27:02 Loaded main app package /usr/lib/obsidian/obsidian.asar
2026-06-28 18:27:03 Checking for update using Github
2026-06-28 18:27:03 Success.
2026-06-28 18:27:03 Latest version is 1.12.7
2026-06-28 18:27:03 App is up to date.
2026-06-28 18:37:10 Loaded main app package /usr/lib/obsidian/obsidian.asar
2026-06-28 18:37:11 Checking for update using Github
2026-06-28 18:37:11 Success.
2026-06-28 18:37:11 Latest version is 1.12.7
2026-06-28 18:37:11 App is up to date.
2026-06-29 10:14:31 Loaded main app package /usr/lib/obsidian/obsidian.asar
2026-06-29 10:14:31 Checking for update using Github
2026-06-29 10:14:32 Success.
2026-06-29 10:14:32 Latest version is 1.12.7
2026-06-29 10:14:32 App is up to date.
